[2026-04-10 09:04:26] User: hr_user1 | Email: hr_user1@nsif-local.test | OTP: JF6N
[2026-04-10 09:08:59] User: hr_user1 | Email: hr_user1@nsif-local.test | OTP: B3XA
[2026-04-10 11:23:31] User: hr_user1 | Email: hr_user1@nsif-local.test | OTP: 9OZ2
[2026-04-10 11:24:29] User: hr_user1 | Email: hr_user1@nsif-local.test | OTP: M98T
[2026-04-10 11:24:42] User: hr_user1 | Email: hr_user1@nsif-local.test | OTP: NIAO
[2026-04-21 09:58:58] User: hr_user1 | Email: hr_user1@nsif-local.test | OTP: Q36Y
[2026-04-21 10:01:05] User: hr_user1 | Email: hr_user1@nsif-local.test | OTP: ZPCJ
[2026-04-21 11:50:21] User: hr_user1 | Email: hr_user1@nsif-local.test | OTP: IGX1
[2026-04-21 11:50:27] User: hr_user1 | Email: hr_user1@nsif-local.test | OTP: X5FU
[2026-04-30 11:16:58] User: glpi | Email: glpi@nsif-local.test | OTP: 7P6O
[2026-04-30 11:21:16] User: hr_user1 | Email: hr_user1@nsif-local.test | OTP: J938
[2026-04-30 11:49:03] User: hr_user1 | Email: hr_user1@nsif-local.test | OTP: L26F
[2026-04-30 15:31:10] User: glpi | Email: glpi@nsif-local.test | OTP: UCMP
[2026-04-30 15:33:14] User: glpi | Email: glpi@nsif-local.test | OTP: 2DJN
[2026-05-04 08:25:54] User: glpi | Email: glpi@nsif-local.test | OTP: SMIL
[2026-05-04 08:33:16] User: glpi | Email: glpi@nsif-local.test | OTP: OWJ0
[2026-05-04 08:35:15] User: hr_user1 | Email: hr_user1@nsif-local.test | OTP: DMSZ
[2026-05-12 08:00:41] User: glpi | Email: glpi@nsif-local.test | OTP: 2XT1
[2026-05-12 08:03:27] User: glpi | Email: glpi@nsif-local.test | OTP: HD45
[2026-05-12 08:05:19] User: glpi | Email: glpi@nsif-local.test | OTP: 039H
